Traceback (most recent call last):
  File "/Users/hexiao/env/meet/bin/celery", line 10, in <module>
    sys.exit(main())
  File "/Users/hexiao/env/meet/lib/python3.7/site-packages/celery/__main__.py", line 30, in main
    main()
  File "/Users/hexiao/env/meet/lib/python3.7/site-packages/celery/bin/celery.py", line 81, in main
    cmd.execute_from_commandline(argv)
  File "/Users/hexiao/env/meet/lib/python3.7/site-packages/celery/bin/celery.py", line 793, in execute_from_commandline
    super(CeleryCommand, self).execute_from_commandline(argv)))
  File "/Users/hexiao/env/meet/lib/python3.7/site-packages/celery/bin/base.py", line 309, in execute_from_commandline
    argv = self.setup_app_from_commandline(argv)
  File "/Users/hexiao/env/meet/lib/python3.7/site-packages/celery/bin/base.py", line 469, in setup_app_from_commandline
    self.app = self.find_app(app)
  File "/Users/hexiao/env/meet/lib/python3.7/site-packages/celery/bin/base.py", line 489, in find_app
    return find_app(app, symbol_by_name=self.symbol_by_name)
  File "/Users/hexiao/env/meet/lib/python3.7/site-packages/celery/app/utils.py", line 235, in find_app
    sym = symbol_by_name(app, imp=imp)
  File "/Users/hexiao/env/meet/lib/python3.7/site-packages/celery/bin/base.py", line 492, in symbol_by_name
    return symbol_by_name(name, imp=imp)
  File "/Users/hexiao/env/meet/lib/python3.7/site-packages/kombu/utils/__init__.py", line 96, in symbol_by_name
    module = imp(module_name, package=package, **kwargs)
  File "/Users/hexiao/env/meet/lib/python3.7/site-packages/celery/utils/imports.py", line 101, in import_from_cwd
    return imp(module, package=package)
  File "/Users/hexiao/env/meet/lib/python3.7/importlib/__init__.py", line 127, in import_module
    return _bootstrap._gcd_import(name[level:], package, level)
  File "<frozen importlib._bootstrap>", line 1006, in _gcd_import
  File "<frozen importlib._bootstrap>", line 983, in _find_and_load
  File "<frozen importlib._bootstrap>", line 965, in _find_and_load_unlocked
ModuleNotFoundError: No module named 'tasks'
